<?xml version="1.0" encoding="UTF-8"?>
<!-- Generated by org.testng.reporters.JUnitXMLReporter -->
<testsuite ignored="0" hostname="LAPTOP-IO7O6G3K" failures="0" tests="3" name="Test" time="7.831" errors="0" timestamp="2023-07-21T20:32:33 IST">
  <testcase classname="test.LoginTest" name="loginWithValidCredentials" time="0.22"/>
  <testcase classname="test.LoginTest" name="loginWithValidUserNameAndInvalidPassword" time="0.152"/>
  <testcase classname="test.LoginTest" name="loginwithInvalidUserNameAndPassword" time="0.174"/>
</testsuite> <!-- Test -->
